<?xml version="1.0" encoding="UTF-8"?>
<!-- Generated by org.testng.reporters.JUnitReportReporter -->
<testsuite hostname="M4.local" failures="0" tests="1" name="com.saucedemo.tests.LoginTest" time="1.692" errors="0" timestamp="2025-01-29T18:05:27 GMT" skipped="0">
  <testcase classname="com.saucedemo.tests.LoginTest" name="testSuccessfulLogin" time="1.692"/>
</testsuite> <!-- com.saucedemo.tests.LoginTest -->
